-------------------------------------------------------------------------------
Test set: in.reqres.cucumber.TestRunner
-------------------------------------------------------------------------------
Tests run: 37, Failures: 8, Errors: 0, Skipped: 2, Time elapsed: 14.155 sec <<< FAILURE! - in in.reqres.cucumber.TestRunner
When I send GET request to the application to read newly created user(Scenario: I want to read the newly created user from the application)  Time elapsed: 0 sec  <<< FAILURE!
java.lang.AssertionError: 
Expected: map containing [ANYTHING->"Bob35920"]
     but: map was []
	at org.hamcrest.MatcherAssert.assertThat(MatcherAssert.java:20)
	at org.junit.Assert.assertThat(Assert.java:956)
	at org.junit.Assert.assertThat(Assert.java:923)
	at in.reqres.cucumber.steps.MyStepdefs.iSendGETRequestToTheApplicationToReadNewlyCreatedUser(MyStepdefs.java:57)
	at ✽.When I send GET request to the application to read newly created user(UsersCRUDtest.feature:12)

Scenario: I want to read the newly created user from the application  Time elapsed: 0 sec  <<< FAILURE!
java.lang.AssertionError: 
Expected: map containing [ANYTHING->"Bob35920"]
     but: map was []
	at org.hamcrest.MatcherAssert.assertThat(MatcherAssert.java:20)
	at org.junit.Assert.assertThat(Assert.java:956)
	at org.junit.Assert.assertThat(Assert.java:923)
	at in.reqres.cucumber.steps.MyStepdefs.iSendGETRequestToTheApplicationToReadNewlyCreatedUser(MyStepdefs.java:57)
	at ✽.When I send GET request to the application to read newly created user(UsersCRUDtest.feature:12)

And I verify in the response if it has newly created user is updated(Scenario: I want to update the newly created user using PUT from the application)  Time elapsed: 0 sec  <<< FAILURE!
java.lang.AssertionError: 
Expected: map containing [ANYTHING->"Bob35920_updatedbyPut"]
     but: map was []
	at org.hamcrest.MatcherAssert.assertThat(MatcherAssert.java:20)
	at org.junit.Assert.assertThat(Assert.java:956)
	at org.junit.Assert.assertThat(Assert.java:923)
	at in.reqres.cucumber.steps.MyStepdefs.iVerifyInTheResponseIfItHasNewlyCreatedUserIsUpdated(MyStepdefs.java:77)
	at ✽.And I verify in the response if it has newly created user is updated(UsersCRUDtest.feature:20)

Scenario: I want to update the newly created user using PUT from the application  Time elapsed: 0.015 sec  <<< FAILURE!
java.lang.AssertionError: 
Expected: map containing [ANYTHING->"Bob35920_updatedbyPut"]
     but: map was []
	at org.hamcrest.MatcherAssert.assertThat(MatcherAssert.java:20)
	at org.junit.Assert.assertThat(Assert.java:956)
	at org.junit.Assert.assertThat(Assert.java:923)
	at in.reqres.cucumber.steps.MyStepdefs.iVerifyInTheResponseIfItHasNewlyCreatedUserIsUpdated(MyStepdefs.java:77)
	at ✽.And I verify in the response if it has newly created user is updated(UsersCRUDtest.feature:20)

And I verify in the response if it has newly created user is updated(Scenario: I want to update the newly created user using PATCH from the application)  Time elapsed: 0.006 sec  <<< FAILURE!
java.lang.AssertionError: 
Expected: map containing [ANYTHING->"Bob35920_updatedbyPut_updatedbyPatch"]
     but: map was []
	at org.hamcrest.MatcherAssert.assertThat(MatcherAssert.java:20)
	at org.junit.Assert.assertThat(Assert.java:956)
	at org.junit.Assert.assertThat(Assert.java:923)
	at in.reqres.cucumber.steps.MyStepdefs.iVerifyInTheResponseIfItHasNewlyCreatedUserIsUpdated(MyStepdefs.java:77)
	at ✽.And I verify in the response if it has newly created user is updated(UsersCRUDtest.feature:26)

Scenario: I want to update the newly created user using PATCH from the application  Time elapsed: 0.006 sec  <<< FAILURE!
java.lang.AssertionError: 
Expected: map containing [ANYTHING->"Bob35920_updatedbyPut_updatedbyPatch"]
     but: map was []
	at org.hamcrest.MatcherAssert.assertThat(MatcherAssert.java:20)
	at org.junit.Assert.assertThat(Assert.java:956)
	at org.junit.Assert.assertThat(Assert.java:923)
	at in.reqres.cucumber.steps.MyStepdefs.iVerifyInTheResponseIfItHasNewlyCreatedUserIsUpdated(MyStepdefs.java:77)
	at ✽.And I verify in the response if it has newly created user is updated(UsersCRUDtest.feature:26)

And I verify if newly created user is deleted(Scenario: I want to delete the newly created user from the application)  Time elapsed: 0 sec  <<< FAILURE!
java.lang.AssertionError: 1 expectation failed.
Expected status code <404> but was <204>.

	at sun.reflect.NativeConstructorAccessorImpl.newInstance0(Native Method)
	at sun.reflect.NativeConstructorAccessorImpl.newInstance(NativeConstructorAccessorImpl.java:62)
	at sun.reflect.DelegatingConstructorAccessorImpl.newInstance(DelegatingConstructorAccessorImpl.java:45)
	at java.lang.reflect.Constructor.newInstance(Constructor.java:423)
	at org.codehaus.groovy.reflection.CachedConstructor.invoke(CachedConstructor.java:83)
	at org.codehaus.groovy.reflection.CachedConstructor.doConstructorInvoke(CachedConstructor.java:77)
	at org.codehaus.groovy.runtime.callsite.ConstructorSite$ConstructorSiteNoUnwrap.callConstructor(ConstructorSite.java:84)
	at org.codehaus.groovy.runtime.callsite.CallSiteArray.defaultCallConstructor(CallSiteArray.java:60)
	at org.codehaus.groovy.runtime.callsite.AbstractCallSite.callConstructor(AbstractCallSite.java:235)
	at org.codehaus.groovy.runtime.callsite.AbstractCallSite.callConstructor(AbstractCallSite.java:247)
	at io.restassured.internal.ResponseSpecificationImpl$HamcrestAssertionClosure.validate(ResponseSpecificationImpl.groovy:471)
	at io.restassured.internal.ResponseSpecificationImpl$HamcrestAssertionClosure$validate$1.call(Unknown Source)
	at io.restassured.internal.ResponseSpecificationImpl.validateResponseIfRequired(ResponseSpecificationImpl.groovy:636)
	at sun.reflect.NativeMethodAccessorImpl.invoke0(Native Method)
	at sun.reflect.NativeMethodAccessorImpl.invoke(NativeMethodAccessorImpl.java:62)
	at sun.reflect.DelegatingMethodAccessorImpl.invoke(DelegatingMethodAccessorImpl.java:43)
	at java.lang.reflect.Method.invoke(Method.java:498)
	at org.codehaus.groovy.runtime.callsite.PogoMetaMethodSite$PogoCachedMethodSiteNoUnwrapNoCoerce.invoke(PogoMetaMethodSite.java:210)
	at org.codehaus.groovy.runtime.callsite.PogoMetaMethodSite.callCurrent(PogoMetaMethodSite.java:59)
	at org.codehaus.groovy.runtime.callsite.AbstractCallSite.callCurrent(AbstractCallSite.java:166)
	at io.restassured.internal.ResponseSpecificationImpl.statusCode(ResponseSpecificationImpl.groovy:122)
	at io.restassured.specification.ResponseSpecification$statusCode$0.callCurrent(Unknown Source)
	at io.restassured.internal.ResponseSpecificationImpl.statusCode(ResponseSpecificationImpl.groovy:130)
	at io.restassured.internal.ValidatableResponseOptionsImpl.statusCode(ValidatableResponseOptionsImpl.java:117)
	at in.reqres.cucumber.steps.MyStepdefs.iVerifyIfNewlyCreatedUserIsDeleted(MyStepdefs.java:96)
	at ✽.And I verify if newly created user is deleted(UsersCRUDtest.feature:32)

Scenario: I want to delete the newly created user from the application  Time elapsed: 0 sec  <<< FAILURE!
java.lang.AssertionError: 1 expectation failed.
Expected status code <404> but was <204>.

	at sun.reflect.NativeConstructorAccessorImpl.newInstance0(Native Method)
	at sun.reflect.NativeConstructorAccessorImpl.newInstance(NativeConstructorAccessorImpl.java:62)
	at sun.reflect.DelegatingConstructorAccessorImpl.newInstance(DelegatingConstructorAccessorImpl.java:45)
	at java.lang.reflect.Constructor.newInstance(Constructor.java:423)
	at org.codehaus.groovy.reflection.CachedConstructor.invoke(CachedConstructor.java:83)
	at org.codehaus.groovy.reflection.CachedConstructor.doConstructorInvoke(CachedConstructor.java:77)
	at org.codehaus.groovy.runtime.callsite.ConstructorSite$ConstructorSiteNoUnwrap.callConstructor(ConstructorSite.java:84)
	at org.codehaus.groovy.runtime.callsite.CallSiteArray.defaultCallConstructor(CallSiteArray.java:60)
	at org.codehaus.groovy.runtime.callsite.AbstractCallSite.callConstructor(AbstractCallSite.java:235)
	at org.codehaus.groovy.runtime.callsite.AbstractCallSite.callConstructor(AbstractCallSite.java:247)
	at io.restassured.internal.ResponseSpecificationImpl$HamcrestAssertionClosure.validate(ResponseSpecificationImpl.groovy:471)
	at io.restassured.internal.ResponseSpecificationImpl$HamcrestAssertionClosure$validate$1.call(Unknown Source)
	at io.restassured.internal.ResponseSpecificationImpl.validateResponseIfRequired(ResponseSpecificationImpl.groovy:636)
	at sun.reflect.NativeMethodAccessorImpl.invoke0(Native Method)
	at sun.reflect.NativeMethodAccessorImpl.invoke(NativeMethodAccessorImpl.java:62)
	at sun.reflect.DelegatingMethodAccessorImpl.invoke(DelegatingMethodAccessorImpl.java:43)
	at java.lang.reflect.Method.invoke(Method.java:498)
	at org.codehaus.groovy.runtime.callsite.PogoMetaMethodSite$PogoCachedMethodSiteNoUnwrapNoCoerce.invoke(PogoMetaMethodSite.java:210)
	at org.codehaus.groovy.runtime.callsite.PogoMetaMethodSite.callCurrent(PogoMetaMethodSite.java:59)
	at org.codehaus.groovy.runtime.callsite.AbstractCallSite.callCurrent(AbstractCallSite.java:166)
	at io.restassured.internal.ResponseSpecificationImpl.statusCode(ResponseSpecificationImpl.groovy:122)
	at io.restassured.specification.ResponseSpecification$statusCode$0.callCurrent(Unknown Source)
	at io.restassured.internal.ResponseSpecificationImpl.statusCode(ResponseSpecificationImpl.groovy:130)
	at io.restassured.internal.ValidatableResponseOptionsImpl.statusCode(ValidatableResponseOptionsImpl.java:117)
	at in.reqres.cucumber.steps.MyStepdefs.iVerifyIfNewlyCreatedUserIsDeleted(MyStepdefs.java:96)
	at ✽.And I verify if newly created user is deleted(UsersCRUDtest.feature:32)

