<?xml version="1.0" encoding="UTF-8"?>
<testsuite name="in.reqres.cucumber.TestRunner" time="1.532" tests="37" errors="0" skipped="2" failures="8">
  <properties>
[...]
</properties>
  <testcase name="Given I am on homepage of the given url" classname="Scenario: I want to create a user to the application" time="0.016"/>
  <testcase name="When I send POST request to the the application using a valid payload to create a User" classname="Scenario: I want to create a user to the application" time="0"/>
  <testcase name="Then I get status code 201" classname="Scenario: I want to create a user to the application" time="0"/>
  <testcase name="And I fetch the ID of newly created user" classname="Scenario: I want to create a user to the application" time="0"/>
  <testcase name="Scenario: I want to create a user to the application" classname="Scenario: I want to create a user to the application" time="1.408"/>
  <testcase name="Given I am on homepage of the given url" classname="Scenario: I want to read the newly created user from the application" time="0"/>
  <testcase name="When I send GET request to the application to read newly created user" classname="Scenario: I want to read the newly created user from the application" time="0">
    <failure message="&#10;Expected: map containing [ANYTHING-&gt;&quot;Bob35920&quot;]&#10;     but: map was []" type="java.lang.AssertionError">java.lang.AssertionError: 
Expected: map containing [ANYTHING->"Bob35920"]
     but: map was []
	at org.hamcrest.MatcherAssert.assertThat(MatcherAssert.java:20)
	at org.junit.Assert.assertThat(Assert.java:956)
	at org.junit.Assert.assertThat(Assert.java:923)
	at in.reqres.cucumber.steps.MyStepdefs.iSendGETRequestToTheApplicationToReadNewlyCreatedUser(MyStepdefs.java:57)
	at ✽.When I send GET request to the application to read newly created user(UsersCRUDtest.feature:12)
</failure>
    <system-out><![CDATA[Request method:	GET
Request URI:	https://reqres.in/api/users/528
Proxy:			<none>
Request params:	<none>
Query params:	<none>
Form params:	<none>
Path params:	userID=528
Multiparts:		<none>
Headers:		Accept=*/*
Cookies:		<none>
Body:			<none>
]]></system-out>
  </testcase>
  <testcase name="Scenario: I want to read the newly created user from the application" classname="Scenario: I want to read the newly created user from the application" time="0">
    <failure message="&#10;Expected: map containing [ANYTHING-&gt;&quot;Bob35920&quot;]&#10;     but: map was []" type="java.lang.AssertionError">java.lang.AssertionError: 
Expected: map containing [ANYTHING->"Bob35920"]
     but: map was []
	at org.hamcrest.MatcherAssert.assertThat(MatcherAssert.java:20)
	at org.junit.Assert.assertThat(Assert.java:956)
	at org.junit.Assert.assertThat(Assert.java:923)
	at in.reqres.cucumber.steps.MyStepdefs.iSendGETRequestToTheApplicationToReadNewlyCreatedUser(MyStepdefs.java:57)
	at ✽.When I send GET request to the application to read newly created user(UsersCRUDtest.feature:12)
</failure>
  </testcase>
  <testcase name="Then I get status code 200" classname="Scenario: I want to read the newly created user from the application" time="0">
    <skipped/>
  </testcase>
  <testcase name="And I verify in the response if it has newly created user name" classname="Scenario: I want to read the newly created user from the application" time="0">
    <skipped/>
  </testcase>
  <testcase name="Given I am on homepage of the given url" classname="Scenario: I want to update the newly created user using PUT from the application" time="0"/>
  <testcase name="When I send PUT request to the application to update newly created user" classname="Scenario: I want to update the newly created user using PUT from the application" time="0"/>
  <testcase name="Then I get status code 200" classname="Scenario: I want to update the newly created user using PUT from the application" time="0"/>
  <testcase name="And I verify in the response if it has newly created user is updated" classname="Scenario: I want to update the newly created user using PUT from the application" time="0">
    <failure message="&#10;Expected: map containing [ANYTHING-&gt;&quot;Bob35920_updatedbyPut&quot;]&#10;     but: map was []" type="java.lang.AssertionError">java.lang.AssertionError: 
Expected: map containing [ANYTHING->"Bob35920_updatedbyPut"]
     but: map was []
	at org.hamcrest.MatcherAssert.assertThat(MatcherAssert.java:20)
	at org.junit.Assert.assertThat(Assert.java:956)
	at org.junit.Assert.assertThat(Assert.java:923)
	at in.reqres.cucumber.steps.MyStepdefs.iVerifyInTheResponseIfItHasNewlyCreatedUserIsUpdated(MyStepdefs.java:77)
	at ✽.And I verify in the response if it has newly created user is updated(UsersCRUDtest.feature:20)
</failure>
    <system-out><![CDATA[Request method:	GET
Request URI:	https://reqres.in/api/users/528
Proxy:			<none>
Request params:	<none>
Query params:	<none>
Form params:	<none>
Path params:	userID=528
Multiparts:		<none>
Headers:		Accept=*/*
Cookies:		<none>
Body:			<none>
]]></system-out>
  </testcase>
  <testcase name="Scenario: I want to update the newly created user using PUT from the application" classname="Scenario: I want to update the newly created user using PUT from the application" time="0.015">
    <failure message="&#10;Expected: map containing [ANYTHING-&gt;&quot;Bob35920_updatedbyPut&quot;]&#10;     but: map was []" type="java.lang.AssertionError">java.lang.AssertionError: 
Expected: map containing [ANYTHING->"Bob35920_updatedbyPut"]
     but: map was []
	at org.hamcrest.MatcherAssert.assertThat(MatcherAssert.java:20)
	at org.junit.Assert.assertThat(Assert.java:956)
	at org.junit.Assert.assertThat(Assert.java:923)
	at in.reqres.cucumber.steps.MyStepdefs.iVerifyInTheResponseIfItHasNewlyCreatedUserIsUpdated(MyStepdefs.java:77)
	at ✽.And I verify in the response if it has newly created user is updated(UsersCRUDtest.feature:20)
</failure>
  </testcase>
  <testcase name="Given I am on homepage of the given url" classname="Scenario: I want to update the newly created user using PATCH from the application" time="0"/>
  <testcase name="When I send PATCH request to the application to update newly created user" classname="Scenario: I want to update the newly created user using PATCH from the application" time="0"/>
  <testcase name="Then I get status code 200" classname="Scenario: I want to update the newly created user using PATCH from the application" time="0"/>
  <testcase name="And I verify in the response if it has newly created user is updated" classname="Scenario: I want to update the newly created user using PATCH from the application" time="0.006">
    <failure message="&#10;Expected: map containing [ANYTHING-&gt;&quot;Bob35920_updatedbyPut_updatedbyPatch&quot;]&#10;     but: map was []" type="java.lang.AssertionError">java.lang.AssertionError: 
Expected: map containing [ANYTHING->"Bob35920_updatedbyPut_updatedbyPatch"]
     but: map was []
	at org.hamcrest.MatcherAssert.assertThat(MatcherAssert.java:20)
	at org.junit.Assert.assertThat(Assert.java:956)
	at org.junit.Assert.assertThat(Assert.java:923)
	at in.reqres.cucumber.steps.MyStepdefs.iVerifyInTheResponseIfItHasNewlyCreatedUserIsUpdated(MyStepdefs.java:77)
	at ✽.And I verify in the response if it has newly created user is updated(UsersCRUDtest.feature:26)
</failure>
    <system-out><![CDATA[Request method:	GET
Request URI:	https://reqres.in/api/users/528
Proxy:			<none>
Request params:	<none>
Query params:	<none>
Form params:	<none>
Path params:	userID=528
Multiparts:		<none>
Headers:		Accept=*/*
Cookies:		<none>
Body:			<none>
]]></system-out>
  </testcase>
  <testcase name="Scenario: I want to update the newly created user using PATCH from the application" classname="Scenario: I want to update the newly created user using PATCH from the application" time="0.006">
    <failure message="&#10;Expected: map containing [ANYTHING-&gt;&quot;Bob35920_updatedbyPut_updatedbyPatch&quot;]&#10;     but: map was []" type="java.lang.AssertionError">java.lang.AssertionError: 
Expected: map containing [ANYTHING->"Bob35920_updatedbyPut_updatedbyPatch"]
     but: map was []
	at org.hamcrest.MatcherAssert.assertThat(MatcherAssert.java:20)
	at org.junit.Assert.assertThat(Assert.java:956)
	at org.junit.Assert.assertThat(Assert.java:923)
	at in.reqres.cucumber.steps.MyStepdefs.iVerifyInTheResponseIfItHasNewlyCreatedUserIsUpdated(MyStepdefs.java:77)
	at ✽.And I verify in the response if it has newly created user is updated(UsersCRUDtest.feature:26)
</failure>
  </testcase>
  <testcase name="Given I am on homepage of the given url" classname="Scenario: I want to delete the newly created user from the application" time="0"/>
  <testcase name="When I send DELETE request to the application to delete newly created user" classname="Scenario: I want to delete the newly created user from the application" time="0"/>
  <testcase name="Then I get status code 204" classname="Scenario: I want to delete the newly created user from the application" time="0"/>
  <testcase name="And I verify if newly created user is deleted" classname="Scenario: I want to delete the newly created user from the application" time="0">
    <failure message="1 expectation failed.&#10;Expected status code &lt;404&gt; but was &lt;204&gt;.&#10;" type="java.lang.AssertionError"><![CDATA[java.lang.AssertionError: 1 expectation failed.
Expected status code <404> but was <204>.

	at sun.reflect.NativeConstructorAccessorImpl.newInstance0(Native Method)
	at sun.reflect.NativeConstructorAccessorImpl.newInstance(NativeConstructorAccessorImpl.java:62)
	at sun.reflect.DelegatingConstructorAccessorImpl.newInstance(DelegatingConstructorAccessorImpl.java:45)
	at java.lang.reflect.Constructor.newInstance(Constructor.java:423)
	at org.codehaus.groovy.reflection.CachedConstructor.invoke(CachedConstructor.java:83)
	at org.codehaus.groovy.reflection.CachedConstructor.doConstructorInvoke(CachedConstructor.java:77)
	at org.codehaus.groovy.runtime.callsite.ConstructorSite$ConstructorSiteNoUnwrap.callConstructor(ConstructorSite.java:84)
	at org.codehaus.groovy.runtime.callsite.CallSiteArray.defaultCallConstructor(CallSiteArray.java:60)
	at org.codehaus.groovy.runtime.callsite.AbstractCallSite.callConstructor(AbstractCallSite.java:235)
	at org.codehaus.groovy.runtime.callsite.AbstractCallSite.callConstructor(AbstractCallSite.java:247)
	at io.restassured.internal.ResponseSpecificationImpl$HamcrestAssertionClosure.validate(ResponseSpecificationImpl.groovy:471)
	at io.restassured.internal.ResponseSpecificationImpl$HamcrestAssertionClosure$validate$1.call(Unknown Source)
	at io.restassured.internal.ResponseSpecificationImpl.validateResponseIfRequired(ResponseSpecificationImpl.groovy:636)
	at sun.reflect.NativeMethodAccessorImpl.invoke0(Native Method)
	at sun.reflect.NativeMethodAccessorImpl.invoke(NativeMethodAccessorImpl.java:62)
	at sun.reflect.DelegatingMethodAccessorImpl.invoke(DelegatingMethodAccessorImpl.java:43)
	at java.lang.reflect.Method.invoke(Method.java:498)
	at org.codehaus.groovy.runtime.callsite.PogoMetaMethodSite$PogoCachedMethodSiteNoUnwrapNoCoerce.invoke(PogoMetaMethodSite.java:210)
	at org.codehaus.groovy.runtime.callsite.PogoMetaMethodSite.callCurrent(PogoMetaMethodSite.java:59)
	at org.codehaus.groovy.runtime.callsite.AbstractCallSite.callCurrent(AbstractCallSite.java:166)
	at io.restassured.internal.ResponseSpecificationImpl.statusCode(ResponseSpecificationImpl.groovy:122)
	at io.restassured.specification.ResponseSpecification$statusCode$0.callCurrent(Unknown Source)
	at io.restassured.internal.ResponseSpecificationImpl.statusCode(ResponseSpecificationImpl.groovy:130)
	at io.restassured.internal.ValidatableResponseOptionsImpl.statusCode(ValidatableResponseOptionsImpl.java:117)
	at in.reqres.cucumber.steps.MyStepdefs.iVerifyIfNewlyCreatedUserIsDeleted(MyStepdefs.java:96)
	at ✽.And I verify if newly created user is deleted(UsersCRUDtest.feature:32)
]]></failure>
    <system-out><![CDATA[Request method:	DELETE
Request URI:	https://reqres.in/api/users/528
Proxy:			<none>
Request params:	<none>
Query params:	<none>
Form params:	<none>
Path params:	userID=528
Multiparts:		<none>
Headers:		Accept=*/*
Cookies:		<none>
Body:			<none>
HTTP/1.1 204 No Content
Date: Tue, 21 Jun 2022 18:35:03 GMT
Content-Length: 0
Connection: keep-alive
X-Powered-By: Express
Access-Control-Allow-Origin: *
Etag: W/"2-vyGp6PvFo4RvsFtPoIWeCReyIC8"
Via: 1.1 vegur
CF-Cache-Status: DYNAMIC
Expect-CT: max-age=604800, report-uri="https://report-uri.cloudflare.com/cdn-cgi/beacon/expect-ct"
Report-To: {"endpoints":[{"url":"https:\/\/a.nel.cloudflare.com\/report\/v3?s=FZX8NeDM2mwd8rtsH3D4795%2FW7Glr11DddcbFnlcNbrtrYJyB%2BlwicwlDxYbf2cg5oEWhyNKNj%2FeeePz5Qxa8Lpy%2FakP0RY4EUfTZT7Lt2EJWiWK5ox5URvakQ%3D%3D"}],"group":"cf-nel","max_age":604800}
NEL: {"success_fraction":0,"report_to":"cf-nel","max_age":604800}
Server: cloudflare
CF-RAY: 71eed77fbca872bb-LHR
]]></system-out>
  </testcase>
  <testcase name="Scenario: I want to delete the newly created user from the application" classname="Scenario: I want to delete the newly created user from the application" time="0">
    <failure message="1 expectation failed.&#10;Expected status code &lt;404&gt; but was &lt;204&gt;.&#10;" type="java.lang.AssertionError"><![CDATA[java.lang.AssertionError: 1 expectation failed.
Expected status code <404> but was <204>.

	at sun.reflect.NativeConstructorAccessorImpl.newInstance0(Native Method)
	at sun.reflect.NativeConstructorAccessorImpl.newInstance(NativeConstructorAccessorImpl.java:62)
	at sun.reflect.DelegatingConstructorAccessorImpl.newInstance(DelegatingConstructorAccessorImpl.java:45)
	at java.lang.reflect.Constructor.newInstance(Constructor.java:423)
	at org.codehaus.groovy.reflection.CachedConstructor.invoke(CachedConstructor.java:83)
	at org.codehaus.groovy.reflection.CachedConstructor.doConstructorInvoke(CachedConstructor.java:77)
	at org.codehaus.groovy.runtime.callsite.ConstructorSite$ConstructorSiteNoUnwrap.callConstructor(ConstructorSite.java:84)
	at org.codehaus.groovy.runtime.callsite.CallSiteArray.defaultCallConstructor(CallSiteArray.java:60)
	at org.codehaus.groovy.runtime.callsite.AbstractCallSite.callConstructor(AbstractCallSite.java:235)
	at org.codehaus.groovy.runtime.callsite.AbstractCallSite.callConstructor(AbstractCallSite.java:247)
	at io.restassured.internal.ResponseSpecificationImpl$HamcrestAssertionClosure.validate(ResponseSpecificationImpl.groovy:471)
	at io.restassured.internal.ResponseSpecificationImpl$HamcrestAssertionClosure$validate$1.call(Unknown Source)
	at io.restassured.internal.ResponseSpecificationImpl.validateResponseIfRequired(ResponseSpecificationImpl.groovy:636)
	at sun.reflect.NativeMethodAccessorImpl.invoke0(Native Method)
	at sun.reflect.NativeMethodAccessorImpl.invoke(NativeMethodAccessorImpl.java:62)
	at sun.reflect.DelegatingMethodAccessorImpl.invoke(DelegatingMethodAccessorImpl.java:43)
	at java.lang.reflect.Method.invoke(Method.java:498)
	at org.codehaus.groovy.runtime.callsite.PogoMetaMethodSite$PogoCachedMethodSiteNoUnwrapNoCoerce.invoke(PogoMetaMethodSite.java:210)
	at org.codehaus.groovy.runtime.callsite.PogoMetaMethodSite.callCurrent(PogoMetaMethodSite.java:59)
	at org.codehaus.groovy.runtime.callsite.AbstractCallSite.callCurrent(AbstractCallSite.java:166)
	at io.restassured.internal.ResponseSpecificationImpl.statusCode(ResponseSpecificationImpl.groovy:122)
	at io.restassured.specification.ResponseSpecification$statusCode$0.callCurrent(Unknown Source)
	at io.restassured.internal.ResponseSpecificationImpl.statusCode(ResponseSpecificationImpl.groovy:130)
	at io.restassured.internal.ValidatableResponseOptionsImpl.statusCode(ValidatableResponseOptionsImpl.java:117)
	at in.reqres.cucumber.steps.MyStepdefs.iVerifyIfNewlyCreatedUserIsDeleted(MyStepdefs.java:96)
	at ✽.And I verify if newly created user is deleted(UsersCRUDtest.feature:32)
]]></failure>
  </testcase>
  <testcase name="Given I am on homepage of the given url" classname="Scenario: I want to read all users from the application and verify some items from response" time="0"/>
  <testcase name="When I send GET request to the the application to read all users" classname="Scenario: I want to read all users from the application and verify some items from response" time="0"/>
  <testcase name="Then I get status code 200" classname="Scenario: I want to read all users from the application and verify some items from response" time="0"/>
  <testcase name="And I verify if page is 2" classname="Scenario: I want to read all users from the application and verify some items from response" time="0"/>
  <testcase name="And I verify if per_page is 6" classname="Scenario: I want to read all users from the application and verify some items from response" time="0"/>
  <testcase name="And I verify if second data&apos;s id is 8" classname="Scenario: I want to read all users from the application and verify some items from response" time="0"/>
  <testcase name="And I verify if forth data&apos;s first_name is Byron" classname="Scenario: I want to read all users from the application and verify some items from response" time="0"/>
  <testcase name="And I verify if list of data is 6" classname="Scenario: I want to read all users from the application and verify some items from response" time="0"/>
  <testcase name="And I verify if sixth data&apos;s avatar is &quot;https://reqres.in/img/faces/12-image.jpg&quot;" classname="Scenario: I want to read all users from the application and verify some items from response" time="0"/>
  <testcase name="And I verify if support.url is &quot;https://reqres.in/#support-heading&quot;" classname="Scenario: I want to read all users from the application and verify some items from response" time="0"/>
  <testcase name="And I verify if support.text is &quot;To keep ReqRes free, contributions towards server costs are appreciated!&quot;" classname="Scenario: I want to read all users from the application and verify some items from response" time="0"/>
  <testcase name="Scenario: I want to read all users from the application and verify some items from response" classname="Scenario: I want to read all users from the application and verify some items from response" time="0.081"/>
</testsuite>